# JRE version: Java(TM) SE Runtime Environment (8.0_74-b02) (build 1.8.0_74-b02)
# Java VM: Java HotSpot(TM) 64-Bit Server VM (25.74-b02 mixed mode windows-amd64 compressed oops)
Heap:
 PSYoungGen      total 187904K, used 179494K [0x00000000eab00000, 0x00000000f9880000, 0x0000000100000000)
  eden space 180736K, 99% used [0x00000000eab00000,0x00000000f5a49aa0,0x00000000f5b80000)
  from space 7168K, 0% used [0x00000000f5b80000,0x00000000f5b80000,0x00000000f6280000)
  to   space 31232K, 0% used [0x00000000f7a00000,0x00000000f7a00000,0x00000000f9880000)
 ParOldGen       total 117248K, used 38379K [0x00000000c0000000, 0x00000000c7280000, 0x00000000eab00000)
  object space 117248K, 32% used [0x00000000c0000000,0x00000000c257acb0,0x00000000c7280000)
 Metaspace       used 65141K, capacity 66980K, committed 75008K, reserved 1114112K
  class space    used 8206K, capacity 8495K, committed 10240K, reserved 1048576K
GC Heap History (10 events):
Event: 6524.085 GC heap before
{Heap before GC invocations=63 (full 10):
 PSYoungGen      total 220160K, used 174771K [0x00000000eab00000, 0x00000000fa380000, 0x0000000100000000)
  eden space 186880K, 93% used [0x00000000eab00000,0x00000000f55acc18,0x00000000f6180000)
  from space 33280K, 0% used [0x00000000f8300000,0x00000000f8300000,0x00000000fa380000)
  to   space 33792K, 0% used [0x00000000f6180000,0x00000000f6180000,0x00000000f8280000)
 ParOldGen       total 117248K, used 47798K [0x00000000c0000000, 0x00000000c7280000, 0x00000000eab00000)
  object space 117248K, 40% used [0x00000000c0000000,0x00000000c2ead860,0x00000000c7280000)
 Metaspace       used 65141K, capacity 67302K, committed 75008K, reserved 1114112K
  class space    used 8266K, capacity 8636K, committed 10240K, reserved 1048576K
Event: 6524.095 GC heap after
Heap after GC invocations=63 (full 10):
 PSYoungGen      total 193024K, used 5912K [0x00000000eab00000, 0x00000000fa280000, 0x0000000100000000)
  eden space 186880K, 0% used [0x00000000eab00000,0x00000000eab00000,0x00000000f6180000)
  from space 6144K, 96% used [0x00000000f6180000,0x00000000f67460f0,0x00000000f6780000)
  to   space 33280K, 0% used [0x00000000f8200000,0x00000000f8200000,0x00000000fa280000)
 ParOldGen       total 117248K, used 47798K [0x00000000c0000000, 0x00000000c7280000, 0x00000000eab00000)
  object space 117248K, 40% used [0x00000000c0000000,0x00000000c2ead860,0x00000000c7280000)
 Metaspace       used 65141K, capacity 67302K, committed 75008K, reserved 1114112K
  class space    used 8266K, capacity 8636K, committed 10240K, reserved 1048576K
}
Event: 6524.095 GC heap before
{Heap before GC invocations=64 (full 11):
 PSYoungGen      total 193024K, used 5912K [0x00000000eab00000, 0x00000000fa280000, 0x0000000100000000)
  eden space 186880K, 0% used [0x00000000eab00000,0x00000000eab00000,0x00000000f6180000)
  from space 6144K, 96% used [0x00000000f6180000,0x00000000f67460f0,0x00000000f6780000)
  to   space 33280K, 0% used [0x00000000f8200000,0x00000000f8200000,0x00000000fa280000)
 ParOldGen       total 117248K, used 47798K [0x00000000c0000000, 0x00000000c7280000, 0x00000000eab00000)
  object space 117248K, 40% used [0x00000000c0000000,0x00000000c2ead860,0x00000000c7280000)
 Metaspace       used 65141K, capacity 67302K, committed 75008K, reserved 1114112K
  class space    used 8266K, capacity 8636K, committed 10240K, reserved 1048576K
Event: 6524.275 GC heap after
Heap after GC invocations=64 (full 11):
 PSYoungGen      total 193024K, used 0K [0x00000000eab00000, 0x00000000fa280000, 0x0000000100000000)
  eden space 186880K, 0% used [0x00000000eab00000,0x00000000eab00000,0x00000000f6180000)
  from space 6144K, 0% used [0x00000000f6180000,0x00000000f6180000,0x00000000f6780000)
  to   space 33280K, 0% used [0x00000000f8200000,0x00000000f8200000,0x00000000fa280000)
 ParOldGen       total 117248K, used 45811K [0x00000000c0000000, 0x00000000c7280000, 0x00000000eab00000)
  object space 117248K, 39% used [0x00000000c0000000,0x00000000c2cbcfd8,0x00000000c7280000)
 Metaspace       used 65141K, capacity 67302K, committed 75008K, reserved 1114112K
  class space    used 8266K, capacity 8636K, committed 10240K, reserved 1048576K
}
Event: 7537.400 GC heap before
{Heap before GC invocations=65 (full 11):
 PSYoungGen      total 193024K, used 186880K [0x00000000eab00000, 0x00000000fa280000, 0x0000000100000000)
  eden space 186880K, 100% used [0x00000000eab00000,0x00000000f6180000,0x00000000f6180000)
  from space 6144K, 0% used [0x00000000f6180000,0x00000000f6180000,0x00000000f6780000)
  to   space 33280K, 0% used [0x00000000f8200000,0x00000000f8200000,0x00000000fa280000)
 ParOldGen       total 117248K, used 45811K [0x00000000c0000000, 0x00000000c7280000, 0x00000000eab00000)
  object space 117248K, 39% used [0x00000000c0000000,0x00000000c2cbcfd8,0x00000000c7280000)
 Metaspace       used 65262K, capacity 67438K, committed 75008K, reserved 1114112K
  class space    used 8279K, capacity 8652K, committed 10240K, reserved 1048576K
Event: 7537.417 GC heap after
Heap after GC invocations=65 (full 11):
 PSYoungGen      total 204800K, used 11200K [0x00000000eab00000, 0x00000000f9980000, 0x0000000100000000)
  eden space 180736K, 0% used [0x00000000eab00000,0x00000000eab00000,0x00000000f5b80000)
  from space 24064K, 46% used [0x00000000f8200000,0x00000000f8cf0020,0x00000000f9980000)
  to   space 31744K, 0% used [0x00000000f5b80000,0x00000000f5b80000,0x00000000f7a80000)
 ParOldGen       total 117248K, used 45819K [0x00000000c0000000, 0x00000000c7280000, 0x00000000eab00000)
  object space 117248K, 39% used [0x00000000c0000000,0x00000000c2cbefd8,0x00000000c7280000)
 Metaspace       used 65262K, capacity 67438K, committed 75008K, reserved 1114112K
  class space    used 8279K, capacity 8652K, committed 10240K, reserved 1048576K
}
Event: 7556.672 GC heap before
{Heap before GC invocations=66 (full 11):
 PSYoungGen      total 204800K, used 191043K [0x00000000eab00000, 0x00000000f9980000, 0x0000000100000000)
  eden space 180736K, 99% used [0x00000000eab00000,0x00000000f5aa0e58,0x00000000f5b80000)
  from space 24064K, 46% used [0x00000000f8200000,0x00000000f8cf0020,0x00000000f9980000)
  to   space 31744K, 0% used [0x00000000f5b80000,0x00000000f5b80000,0x00000000f7a80000)
 ParOldGen       total 117248K, used 45819K [0x00000000c0000000, 0x00000000c7280000, 0x00000000eab00000)
  object space 117248K, 39% used [0x00000000c0000000,0x00000000c2cbefd8,0x00000000c7280000)
 Metaspace       used 65374K, capacity 67572K, committed 75008K, reserved 1114112K
  class space    used 8282K, capacity 8653K, committed 10240K, reserved 1048576K
Event: 7556.685 GC heap after
Heap after GC invocations=66 (full 11):
 PSYoungGen      total 187904K, used 6762K [0x00000000eab00000, 0x00000000f9880000, 0x0000000100000000)
  eden space 180736K, 0% used [0x00000000eab00000,0x00000000eab00000,0x00000000f5b80000)
  from space 7168K, 94% used [0x00000000f5b80000,0x00000000f621a960,0x00000000f6280000)
  to   space 31232K, 0% used [0x00000000f7a00000,0x00000000f7a00000,0x00000000f9880000)
 ParOldGen       total 117248K, used 45827K [0x00000000c0000000, 0x00000000c7280000, 0x00000000eab00000)
  object space 117248K, 39% used [0x00000000c0000000,0x00000000c2cc0fd8,0x00000000c7280000)
 Metaspace       used 65374K, capacity 67572K, committed 75008K, reserved 1114112K
  class space    used 8282K, capacity 8653K, committed 10240K, reserved 1048576K
}
Event: 7556.686 GC heap before
{Heap before GC invocations=67 (full 12):
 PSYoungGen      total 187904K, used 6762K [0x00000000eab00000, 0x00000000f9880000, 0x0000000100000000)
  eden space 180736K, 0% used [0x00000000eab00000,0x00000000eab00000,0x00000000f5b80000)
  from space 7168K, 94% used [0x00000000f5b80000,0x00000000f621a960,0x00000000f6280000)
  to   space 31232K, 0% used [0x00000000f7a00000,0x00000000f7a00000,0x00000000f9880000)
 ParOldGen       total 117248K, used 45827K [0x00000000c0000000, 0x00000000c7280000, 0x00000000eab00000)
  object space 117248K, 39% used [0x00000000c0000000,0x00000000c2cc0fd8,0x00000000c7280000)
 Metaspace       used 65374K, capacity 67572K, committed 75008K, reserved 1114112K
  class space    used 8282K, capacity 8653K, committed 10240K, reserved 1048576K
Event: 7556.942 GC heap after
Heap after GC invocations=67 (full 12):
 PSYoungGen      total 187904K, used 0K [0x00000000eab00000, 0x00000000f9880000, 0x0000000100000000)
  eden space 180736K, 0% used [0x00000000eab00000,0x00000000eab00000,0x00000000f5b80000)
  from space 7168K, 0% used [0x00000000f5b80000,0x00000000f5b80000,0x00000000f6280000)
  to   space 31232K, 0% used [0x00000000f7a00000,0x00000000f7a00000,0x00000000f9880000)
 ParOldGen       total 117248K, used 38379K [0x00000000c0000000, 0x00000000c7280000, 0x00000000eab00000)
  object space 117248K, 32% used [0x00000000c0000000,0x00000000c257acb0,0x00000000c7280000)
 Metaspace       used 64837K, capacity 66504K, committed 75008K, reserved 1114112K
  class space    used 8152K, capacity 8408K, committed 10240K, reserved 1048576K
}

